<?xml version="1.0" encoding="UTF-8"?>
<coverage generated="1585488563056" clover="3.2.0">
  <project timestamp="1585488563056" name="All files">
    <metrics statements="3" coveredstatements="3" conditionals="0" coveredconditionals="0" methods="3" coveredmethods="3" elements="6" coveredelements="6" complexity="0" loc="3" ncloc="3" packages="1" files="2" classes="2"/>
    <file name="index.ts" path="/Users/casprine/Desktop/oss/magmel/src/index.ts">
      <metrics statements="1" coveredstatements="1" conditionals="0" coveredconditionals="0" methods="0" coveredmethods="0"/>
      <line num="1" count="1" type="stmt"/>
    </file>
    <file name="uniqueArray.ts" path="/Users/casprine/Desktop/oss/magmel/src/uniqueArray.ts">
      <metrics statements="2" coveredstatements="2" conditionals="0" coveredconditionals="0" methods="3" coveredmethods="3"/>
      <line num="1" count="1" type="stmt"/>
      <line num="2" count="5" type="stmt"/>
    </file>
  </project>
</coverage>
