{"/Users/casprine/Desktop/oss/magmel/src/index.ts": {"path":"/Users/casprine/Desktop/oss/magmel/src/index.ts","statementMap":{"0":{"start":{"line":1,"column":0},"end":{"line":1,"column":9}},"1":{"start":{"line":1,"column":9},"end":{"line":1,"column":31}}},"fnMap":{},"branchMap":{},"s":{"0":1,"1":1},"f":{},"b":{}}
,"/Users/casprine/Desktop/oss/magmel/src/uniqueArray.ts": {"path":"/Users/casprine/Desktop/oss/magmel/src/uniqueArray.ts","statementMap":{"0":{"start":{"line":2,"column":2},"end":{"line":2,"column":114}},"1":{"start":{"line":2,"column":53},"end":{"line":2,"column":74}},"2":{"start":{"line":2,"column":96},"end":{"line":2,"column":113}},"3":{"start":{"line":1,"column":0},"end":{"line":1,"column":24}}},"fnMap":{"0":{"name":"uniqueArray","decl":{"start":{"line":1,"column":24},"end":{"line":1,"column":35}},"loc":{"start":{"line":1,"column":52},"end":{"line":3,"column":1}}},"1":{"name":"(anonymous_1)","decl":{"start":{"line":2,"column":38},"end":{"line":2,"column":39}},"loc":{"start":{"line":2,"column":48},"end":{"line":2,"column":57}}},"2":{"name":"(anonymous_2)","decl":{"start":{"line":2,"column":81},"end":{"line":2,"column":82}},"loc":{"start":{"line":2,"column":91},"end":{"line":2,"column":100}}}},"branchMap":{},"s":{"0":1,"1":5,"2":3,"3":1},"f":{"0":1,"1":5,"2":3},"b":{}}
}
